  MyForm.cpp
D:\Dokumen Ridwan\3_Matkul Tingkat Akhir\1_IF4073 - Pengolahan Citra\[TUGAS BESAR]\[USE NET FRAMEWORK]\MiniPhotoshop\MiniPhotoshop\MyForm.h(711,30): warning C4244: 'initializing': conversion from 'double' to 'unsigned int', possible loss of data
D:\Dokumen Ridwan\3_Matkul Tingkat Akhir\1_IF4073 - Pengolahan Citra\[TUGAS BESAR]\[USE NET FRAMEWORK]\MiniPhotoshop\MiniPhotoshop\MyForm.h(712,32): warning C4244: 'initializing': conversion from 'double' to 'unsigned int', possible loss of data
D:\Dokumen Ridwan\3_Matkul Tingkat Akhir\1_IF4073 - Pengolahan Citra\[TUGAS BESAR]\[USE NET FRAMEWORK]\MiniPhotoshop\MiniPhotoshop\MyForm.h(713,31): warning C4244: 'initializing': conversion from 'double' to 'unsigned int', possible loss of data
D:\Dokumen Ridwan\3_Matkul Tingkat Akhir\1_IF4073 - Pengolahan Citra\[TUGAS BESAR]\[USE NET FRAMEWORK]\MiniPhotoshop\MiniPhotoshop\MyForm.h(715,26): warning C4244: 'initializing': conversion from 'double' to 'unsigned int', possible loss of data
D:\Dokumen Ridwan\3_Matkul Tingkat Akhir\1_IF4073 - Pengolahan Citra\[TUGAS BESAR]\[USE NET FRAMEWORK]\MiniPhotoshop\MiniPhotoshop\MyForm.h(716,28): warning C4244: 'initializing': conversion from 'double' to 'unsigned int', possible loss of data
D:\Dokumen Ridwan\3_Matkul Tingkat Akhir\1_IF4073 - Pengolahan Citra\[TUGAS BESAR]\[USE NET FRAMEWORK]\MiniPhotoshop\MiniPhotoshop\MyForm.h(717,27): warning C4244: 'initializing': conversion from 'double' to 'unsigned int', possible loss of data
D:\Dokumen Ridwan\3_Matkul Tingkat Akhir\1_IF4073 - Pengolahan Citra\[TUGAS BESAR]\[USE NET FRAMEWORK]\MiniPhotoshop\MiniPhotoshop\MyForm.h(730,44): warning C4244: 'argument': conversion from 'double' to 'int', possible loss of data
D:\Dokumen Ridwan\3_Matkul Tingkat Akhir\1_IF4073 - Pengolahan Citra\[TUGAS BESAR]\[USE NET FRAMEWORK]\MiniPhotoshop\MiniPhotoshop\MyForm.h(730,33): warning C4244: 'argument': conversion from 'double' to 'int', possible loss of data
D:\Dokumen Ridwan\3_Matkul Tingkat Akhir\1_IF4073 - Pengolahan Citra\[TUGAS BESAR]\[USE NET FRAMEWORK]\MiniPhotoshop\MiniPhotoshop\MyForm.h(750,30): warning C4244: 'initializing': conversion from 'double' to 'unsigned int', possible loss of data
D:\Dokumen Ridwan\3_Matkul Tingkat Akhir\1_IF4073 - Pengolahan Citra\[TUGAS BESAR]\[USE NET FRAMEWORK]\MiniPhotoshop\MiniPhotoshop\MyForm.h(751,32): warning C4244: 'initializing': conversion from 'double' to 'unsigned int', possible loss of data
D:\Dokumen Ridwan\3_Matkul Tingkat Akhir\1_IF4073 - Pengolahan Citra\[TUGAS BESAR]\[USE NET FRAMEWORK]\MiniPhotoshop\MiniPhotoshop\MyForm.h(752,31): warning C4244: 'initializing': conversion from 'double' to 'unsigned int', possible loss of data
D:\Dokumen Ridwan\3_Matkul Tingkat Akhir\1_IF4073 - Pengolahan Citra\[TUGAS BESAR]\[USE NET FRAMEWORK]\MiniPhotoshop\MiniPhotoshop\MyForm.h(754,26): warning C4244: 'initializing': conversion from 'double' to 'unsigned int', possible loss of data
D:\Dokumen Ridwan\3_Matkul Tingkat Akhir\1_IF4073 - Pengolahan Citra\[TUGAS BESAR]\[USE NET FRAMEWORK]\MiniPhotoshop\MiniPhotoshop\MyForm.h(755,28): warning C4244: 'initializing': conversion from 'double' to 'unsigned int', possible loss of data
D:\Dokumen Ridwan\3_Matkul Tingkat Akhir\1_IF4073 - Pengolahan Citra\[TUGAS BESAR]\[USE NET FRAMEWORK]\MiniPhotoshop\MiniPhotoshop\MyForm.h(756,27): warning C4244: 'initializing': conversion from 'double' to 'unsigned int', possible loss of data
D:\Dokumen Ridwan\3_Matkul Tingkat Akhir\1_IF4073 - Pengolahan Citra\[TUGAS BESAR]\[USE NET FRAMEWORK]\MiniPhotoshop\MiniPhotoshop\MyForm.h(768,44): warning C4244: 'argument': conversion from 'double' to 'int', possible loss of data
D:\Dokumen Ridwan\3_Matkul Tingkat Akhir\1_IF4073 - Pengolahan Citra\[TUGAS BESAR]\[USE NET FRAMEWORK]\MiniPhotoshop\MiniPhotoshop\MyForm.h(768,33): warning C4244: 'argument': conversion from 'double' to 'int', possible loss of data
D:\Dokumen Ridwan\3_Matkul Tingkat Akhir\1_IF4073 - Pengolahan Citra\[TUGAS BESAR]\[USE NET FRAMEWORK]\MiniPhotoshop\MiniPhotoshop\MyForm.h(787,30): warning C4244: 'initializing': conversion from 'double' to 'unsigned int', possible loss of data
D:\Dokumen Ridwan\3_Matkul Tingkat Akhir\1_IF4073 - Pengolahan Citra\[TUGAS BESAR]\[USE NET FRAMEWORK]\MiniPhotoshop\MiniPhotoshop\MyForm.h(788,32): warning C4244: 'initializing': conversion from 'double' to 'unsigned int', possible loss of data
D:\Dokumen Ridwan\3_Matkul Tingkat Akhir\1_IF4073 - Pengolahan Citra\[TUGAS BESAR]\[USE NET FRAMEWORK]\MiniPhotoshop\MiniPhotoshop\MyForm.h(789,31): warning C4244: 'initializing': conversion from 'double' to 'unsigned int', possible loss of data
D:\Dokumen Ridwan\3_Matkul Tingkat Akhir\1_IF4073 - Pengolahan Citra\[TUGAS BESAR]\[USE NET FRAMEWORK]\MiniPhotoshop\MiniPhotoshop\MyForm.h(791,26): warning C4244: 'initializing': conversion from 'double' to 'unsigned int', possible loss of data
D:\Dokumen Ridwan\3_Matkul Tingkat Akhir\1_IF4073 - Pengolahan Citra\[TUGAS BESAR]\[USE NET FRAMEWORK]\MiniPhotoshop\MiniPhotoshop\MyForm.h(792,28): warning C4244: 'initializing': conversion from 'double' to 'unsigned int', possible loss of data
D:\Dokumen Ridwan\3_Matkul Tingkat Akhir\1_IF4073 - Pengolahan Citra\[TUGAS BESAR]\[USE NET FRAMEWORK]\MiniPhotoshop\MiniPhotoshop\MyForm.h(793,27): warning C4244: 'initializing': conversion from 'double' to 'unsigned int', possible loss of data
D:\Dokumen Ridwan\3_Matkul Tingkat Akhir\1_IF4073 - Pengolahan Citra\[TUGAS BESAR]\[USE NET FRAMEWORK]\MiniPhotoshop\MiniPhotoshop\MyForm.h(805,44): warning C4244: 'argument': conversion from 'double' to 'int', possible loss of data
D:\Dokumen Ridwan\3_Matkul Tingkat Akhir\1_IF4073 - Pengolahan Citra\[TUGAS BESAR]\[USE NET FRAMEWORK]\MiniPhotoshop\MiniPhotoshop\MyForm.h(805,33): warning C4244: 'argument': conversion from 'double' to 'int', possible loss of data
D:\Dokumen Ridwan\3_Matkul Tingkat Akhir\1_IF4073 - Pengolahan Citra\[TUGAS BESAR]\[USE NET FRAMEWORK]\MiniPhotoshop\MiniPhotoshop\MyForm.h(832,30): warning C4244: 'initializing': conversion from 'double' to 'unsigned int', possible loss of data
D:\Dokumen Ridwan\3_Matkul Tingkat Akhir\1_IF4073 - Pengolahan Citra\[TUGAS BESAR]\[USE NET FRAMEWORK]\MiniPhotoshop\MiniPhotoshop\MyForm.h(833,32): warning C4244: 'initializing': conversion from 'double' to 'unsigned int', possible loss of data
D:\Dokumen Ridwan\3_Matkul Tingkat Akhir\1_IF4073 - Pengolahan Citra\[TUGAS BESAR]\[USE NET FRAMEWORK]\MiniPhotoshop\MiniPhotoshop\MyForm.h(834,31): warning C4244: 'initializing': conversion from 'double' to 'unsigned int', possible loss of data
D:\Dokumen Ridwan\3_Matkul Tingkat Akhir\1_IF4073 - Pengolahan Citra\[TUGAS BESAR]\[USE NET FRAMEWORK]\MiniPhotoshop\MiniPhotoshop\MyForm.h(836,26): warning C4244: 'initializing': conversion from 'double' to 'unsigned int', possible loss of data
D:\Dokumen Ridwan\3_Matkul Tingkat Akhir\1_IF4073 - Pengolahan Citra\[TUGAS BESAR]\[USE NET FRAMEWORK]\MiniPhotoshop\MiniPhotoshop\MyForm.h(837,28): warning C4244: 'initializing': conversion from 'double' to 'unsigned int', possible loss of data
D:\Dokumen Ridwan\3_Matkul Tingkat Akhir\1_IF4073 - Pengolahan Citra\[TUGAS BESAR]\[USE NET FRAMEWORK]\MiniPhotoshop\MiniPhotoshop\MyForm.h(838,27): warning C4244: 'initializing': conversion from 'double' to 'unsigned int', possible loss of data
D:\Dokumen Ridwan\3_Matkul Tingkat Akhir\1_IF4073 - Pengolahan Citra\[TUGAS BESAR]\[USE NET FRAMEWORK]\MiniPhotoshop\MiniPhotoshop\MyForm.h(850,44): warning C4244: 'argument': conversion from 'double' to 'int', possible loss of data
D:\Dokumen Ridwan\3_Matkul Tingkat Akhir\1_IF4073 - Pengolahan Citra\[TUGAS BESAR]\[USE NET FRAMEWORK]\MiniPhotoshop\MiniPhotoshop\MyForm.h(850,33): warning C4244: 'argument': conversion from 'double' to 'int', possible loss of data
D:\Dokumen Ridwan\3_Matkul Tingkat Akhir\1_IF4073 - Pengolahan Citra\[TUGAS BESAR]\[USE NET FRAMEWORK]\MiniPhotoshop\MiniPhotoshop\MyForm.h(877,30): warning C4244: 'initializing': conversion from 'double' to 'unsigned int', possible loss of data
D:\Dokumen Ridwan\3_Matkul Tingkat Akhir\1_IF4073 - Pengolahan Citra\[TUGAS BESAR]\[USE NET FRAMEWORK]\MiniPhotoshop\MiniPhotoshop\MyForm.h(878,32): warning C4244: 'initializing': conversion from 'double' to 'unsigned int', possible loss of data
D:\Dokumen Ridwan\3_Matkul Tingkat Akhir\1_IF4073 - Pengolahan Citra\[TUGAS BESAR]\[USE NET FRAMEWORK]\MiniPhotoshop\MiniPhotoshop\MyForm.h(879,31): warning C4244: 'initializing': conversion from 'double' to 'unsigned int', possible loss of data
D:\Dokumen Ridwan\3_Matkul Tingkat Akhir\1_IF4073 - Pengolahan Citra\[TUGAS BESAR]\[USE NET FRAMEWORK]\MiniPhotoshop\MiniPhotoshop\MyForm.h(881,26): warning C4244: 'initializing': conversion from 'double' to 'unsigned int', possible loss of data
D:\Dokumen Ridwan\3_Matkul Tingkat Akhir\1_IF4073 - Pengolahan Citra\[TUGAS BESAR]\[USE NET FRAMEWORK]\MiniPhotoshop\MiniPhotoshop\MyForm.h(882,28): warning C4244: 'initializing': conversion from 'double' to 'unsigned int', possible loss of data
D:\Dokumen Ridwan\3_Matkul Tingkat Akhir\1_IF4073 - Pengolahan Citra\[TUGAS BESAR]\[USE NET FRAMEWORK]\MiniPhotoshop\MiniPhotoshop\MyForm.h(883,27): warning C4244: 'initializing': conversion from 'double' to 'unsigned int', possible loss of data
D:\Dokumen Ridwan\3_Matkul Tingkat Akhir\1_IF4073 - Pengolahan Citra\[TUGAS BESAR]\[USE NET FRAMEWORK]\MiniPhotoshop\MiniPhotoshop\MyForm.h(895,36): warning C4244: 'initializing': conversion from 'double' to 'unsigned int', possible loss of data
D:\Dokumen Ridwan\3_Matkul Tingkat Akhir\1_IF4073 - Pengolahan Citra\[TUGAS BESAR]\[USE NET FRAMEWORK]\MiniPhotoshop\MiniPhotoshop\MyForm.h(896,38): warning C4244: 'initializing': conversion from 'double' to 'unsigned int', possible loss of data
D:\Dokumen Ridwan\3_Matkul Tingkat Akhir\1_IF4073 - Pengolahan Citra\[TUGAS BESAR]\[USE NET FRAMEWORK]\MiniPhotoshop\MiniPhotoshop\MyForm.h(897,37): warning C4244: 'initializing': conversion from 'double' to 'unsigned int', possible loss of data
D:\Dokumen Ridwan\3_Matkul Tingkat Akhir\1_IF4073 - Pengolahan Citra\[TUGAS BESAR]\[USE NET FRAMEWORK]\MiniPhotoshop\MiniPhotoshop\MyForm.h(899,32): warning C4244: 'initializing': conversion from 'double' to 'unsigned int', possible loss of data
D:\Dokumen Ridwan\3_Matkul Tingkat Akhir\1_IF4073 - Pengolahan Citra\[TUGAS BESAR]\[USE NET FRAMEWORK]\MiniPhotoshop\MiniPhotoshop\MyForm.h(900,34): warning C4244: 'initializing': conversion from 'double' to 'unsigned int', possible loss of data
D:\Dokumen Ridwan\3_Matkul Tingkat Akhir\1_IF4073 - Pengolahan Citra\[TUGAS BESAR]\[USE NET FRAMEWORK]\MiniPhotoshop\MiniPhotoshop\MyForm.h(901,33): warning C4244: 'initializing': conversion from 'double' to 'unsigned int', possible loss of data
D:\Dokumen Ridwan\3_Matkul Tingkat Akhir\1_IF4073 - Pengolahan Citra\[TUGAS BESAR]\[USE NET FRAMEWORK]\MiniPhotoshop\MiniPhotoshop\MyForm.h(913,44): warning C4244: 'argument': conversion from 'double' to 'int', possible loss of data
D:\Dokumen Ridwan\3_Matkul Tingkat Akhir\1_IF4073 - Pengolahan Citra\[TUGAS BESAR]\[USE NET FRAMEWORK]\MiniPhotoshop\MiniPhotoshop\MyForm.h(913,33): warning C4244: 'argument': conversion from 'double' to 'int', possible loss of data
D:\Dokumen Ridwan\3_Matkul Tingkat Akhir\1_IF4073 - Pengolahan Citra\[TUGAS BESAR]\[USE NET FRAMEWORK]\MiniPhotoshop\MiniPhotoshop\MyForm.h(940,30): warning C4244: 'initializing': conversion from 'double' to 'unsigned int', possible loss of data
D:\Dokumen Ridwan\3_Matkul Tingkat Akhir\1_IF4073 - Pengolahan Citra\[TUGAS BESAR]\[USE NET FRAMEWORK]\MiniPhotoshop\MiniPhotoshop\MyForm.h(941,32): warning C4244: 'initializing': conversion from 'double' to 'unsigned int', possible loss of data
D:\Dokumen Ridwan\3_Matkul Tingkat Akhir\1_IF4073 - Pengolahan Citra\[TUGAS BESAR]\[USE NET FRAMEWORK]\MiniPhotoshop\MiniPhotoshop\MyForm.h(942,31): warning C4244: 'initializing': conversion from 'double' to 'unsigned int', possible loss of data
D:\Dokumen Ridwan\3_Matkul Tingkat Akhir\1_IF4073 - Pengolahan Citra\[TUGAS BESAR]\[USE NET FRAMEWORK]\MiniPhotoshop\MiniPhotoshop\MyForm.h(944,26): warning C4244: 'initializing': conversion from 'double' to 'unsigned int', possible loss of data
D:\Dokumen Ridwan\3_Matkul Tingkat Akhir\1_IF4073 - Pengolahan Citra\[TUGAS BESAR]\[USE NET FRAMEWORK]\MiniPhotoshop\MiniPhotoshop\MyForm.h(945,28): warning C4244: 'initializing': conversion from 'double' to 'unsigned int', possible loss of data
D:\Dokumen Ridwan\3_Matkul Tingkat Akhir\1_IF4073 - Pengolahan Citra\[TUGAS BESAR]\[USE NET FRAMEWORK]\MiniPhotoshop\MiniPhotoshop\MyForm.h(946,27): warning C4244: 'initializing': conversion from 'double' to 'unsigned int', possible loss of data
D:\Dokumen Ridwan\3_Matkul Tingkat Akhir\1_IF4073 - Pengolahan Citra\[TUGAS BESAR]\[USE NET FRAMEWORK]\MiniPhotoshop\MiniPhotoshop\MyForm.h(958,36): warning C4244: 'initializing': conversion from 'double' to 'unsigned int', possible loss of data
D:\Dokumen Ridwan\3_Matkul Tingkat Akhir\1_IF4073 - Pengolahan Citra\[TUGAS BESAR]\[USE NET FRAMEWORK]\MiniPhotoshop\MiniPhotoshop\MyForm.h(959,38): warning C4244: 'initializing': conversion from 'double' to 'unsigned int', possible loss of data
D:\Dokumen Ridwan\3_Matkul Tingkat Akhir\1_IF4073 - Pengolahan Citra\[TUGAS BESAR]\[USE NET FRAMEWORK]\MiniPhotoshop\MiniPhotoshop\MyForm.h(960,37): warning C4244: 'initializing': conversion from 'double' to 'unsigned int', possible loss of data
D:\Dokumen Ridwan\3_Matkul Tingkat Akhir\1_IF4073 - Pengolahan Citra\[TUGAS BESAR]\[USE NET FRAMEWORK]\MiniPhotoshop\MiniPhotoshop\MyForm.h(962,32): warning C4244: 'initializing': conversion from 'double' to 'unsigned int', possible loss of data
D:\Dokumen Ridwan\3_Matkul Tingkat Akhir\1_IF4073 - Pengolahan Citra\[TUGAS BESAR]\[USE NET FRAMEWORK]\MiniPhotoshop\MiniPhotoshop\MyForm.h(963,34): warning C4244: 'initializing': conversion from 'double' to 'unsigned int', possible loss of data
D:\Dokumen Ridwan\3_Matkul Tingkat Akhir\1_IF4073 - Pengolahan Citra\[TUGAS BESAR]\[USE NET FRAMEWORK]\MiniPhotoshop\MiniPhotoshop\MyForm.h(964,33): warning C4244: 'initializing': conversion from 'double' to 'unsigned int', possible loss of data
D:\Dokumen Ridwan\3_Matkul Tingkat Akhir\1_IF4073 - Pengolahan Citra\[TUGAS BESAR]\[USE NET FRAMEWORK]\MiniPhotoshop\MiniPhotoshop\MyForm.h(976,44): warning C4244: 'argument': conversion from 'double' to 'int', possible loss of data
D:\Dokumen Ridwan\3_Matkul Tingkat Akhir\1_IF4073 - Pengolahan Citra\[TUGAS BESAR]\[USE NET FRAMEWORK]\MiniPhotoshop\MiniPhotoshop\MyForm.h(976,33): warning C4244: 'argument': conversion from 'double' to 'int', possible loss of data
D:\Dokumen Ridwan\3_Matkul Tingkat Akhir\1_IF4073 - Pengolahan Citra\[TUGAS BESAR]\[USE NET FRAMEWORK]\MiniPhotoshop\MiniPhotoshop\MyForm.h(1003,30): warning C4244: 'initializing': conversion from 'double' to 'unsigned int', possible loss of data
D:\Dokumen Ridwan\3_Matkul Tingkat Akhir\1_IF4073 - Pengolahan Citra\[TUGAS BESAR]\[USE NET FRAMEWORK]\MiniPhotoshop\MiniPhotoshop\MyForm.h(1004,32): warning C4244: 'initializing': conversion from 'double' to 'unsigned int', possible loss of data
D:\Dokumen Ridwan\3_Matkul Tingkat Akhir\1_IF4073 - Pengolahan Citra\[TUGAS BESAR]\[USE NET FRAMEWORK]\MiniPhotoshop\MiniPhotoshop\MyForm.h(1005,31): warning C4244: 'initializing': conversion from 'double' to 'unsigned int', possible loss of data
D:\Dokumen Ridwan\3_Matkul Tingkat Akhir\1_IF4073 - Pengolahan Citra\[TUGAS BESAR]\[USE NET FRAMEWORK]\MiniPhotoshop\MiniPhotoshop\MyForm.h(1007,26): warning C4244: 'initializing': conversion from 'double' to 'unsigned int', possible loss of data
D:\Dokumen Ridwan\3_Matkul Tingkat Akhir\1_IF4073 - Pengolahan Citra\[TUGAS BESAR]\[USE NET FRAMEWORK]\MiniPhotoshop\MiniPhotoshop\MyForm.h(1008,28): warning C4244: 'initializing': conversion from 'double' to 'unsigned int', possible loss of data
D:\Dokumen Ridwan\3_Matkul Tingkat Akhir\1_IF4073 - Pengolahan Citra\[TUGAS BESAR]\[USE NET FRAMEWORK]\MiniPhotoshop\MiniPhotoshop\MyForm.h(1009,27): warning C4244: 'initializing': conversion from 'double' to 'unsigned int', possible loss of data
D:\Dokumen Ridwan\3_Matkul Tingkat Akhir\1_IF4073 - Pengolahan Citra\[TUGAS BESAR]\[USE NET FRAMEWORK]\MiniPhotoshop\MiniPhotoshop\MyForm.h(1021,36): warning C4244: 'initializing': conversion from 'double' to 'unsigned int', possible loss of data
D:\Dokumen Ridwan\3_Matkul Tingkat Akhir\1_IF4073 - Pengolahan Citra\[TUGAS BESAR]\[USE NET FRAMEWORK]\MiniPhotoshop\MiniPhotoshop\MyForm.h(1022,38): warning C4244: 'initializing': conversion from 'double' to 'unsigned int', possible loss of data
D:\Dokumen Ridwan\3_Matkul Tingkat Akhir\1_IF4073 - Pengolahan Citra\[TUGAS BESAR]\[USE NET FRAMEWORK]\MiniPhotoshop\MiniPhotoshop\MyForm.h(1023,37): warning C4244: 'initializing': conversion from 'double' to 'unsigned int', possible loss of data
D:\Dokumen Ridwan\3_Matkul Tingkat Akhir\1_IF4073 - Pengolahan Citra\[TUGAS BESAR]\[USE NET FRAMEWORK]\MiniPhotoshop\MiniPhotoshop\MyForm.h(1025,32): warning C4244: 'initializing': conversion from 'double' to 'unsigned int', possible loss of data
D:\Dokumen Ridwan\3_Matkul Tingkat Akhir\1_IF4073 - Pengolahan Citra\[TUGAS BESAR]\[USE NET FRAMEWORK]\MiniPhotoshop\MiniPhotoshop\MyForm.h(1026,34): warning C4244: 'initializing': conversion from 'double' to 'unsigned int', possible loss of data
D:\Dokumen Ridwan\3_Matkul Tingkat Akhir\1_IF4073 - Pengolahan Citra\[TUGAS BESAR]\[USE NET FRAMEWORK]\MiniPhotoshop\MiniPhotoshop\MyForm.h(1027,33): warning C4244: 'initializing': conversion from 'double' to 'unsigned int', possible loss of data
D:\Dokumen Ridwan\3_Matkul Tingkat Akhir\1_IF4073 - Pengolahan Citra\[TUGAS BESAR]\[USE NET FRAMEWORK]\MiniPhotoshop\MiniPhotoshop\MyForm.h(1039,44): warning C4244: 'argument': conversion from 'double' to 'int', possible loss of data
D:\Dokumen Ridwan\3_Matkul Tingkat Akhir\1_IF4073 - Pengolahan Citra\[TUGAS BESAR]\[USE NET FRAMEWORK]\MiniPhotoshop\MiniPhotoshop\MyForm.h(1039,33): warning C4244: 'argument': conversion from 'double' to 'int', possible loss of data
D:\Dokumen Ridwan\3_Matkul Tingkat Akhir\1_IF4073 - Pengolahan Citra\[TUGAS BESAR]\[USE NET FRAMEWORK]\MiniPhotoshop\MiniPhotoshop\MyForm.h(1066,30): warning C4244: 'initializing': conversion from 'double' to 'unsigned int', possible loss of data
D:\Dokumen Ridwan\3_Matkul Tingkat Akhir\1_IF4073 - Pengolahan Citra\[TUGAS BESAR]\[USE NET FRAMEWORK]\MiniPhotoshop\MiniPhotoshop\MyForm.h(1067,32): warning C4244: 'initializing': conversion from 'double' to 'unsigned int', possible loss of data
D:\Dokumen Ridwan\3_Matkul Tingkat Akhir\1_IF4073 - Pengolahan Citra\[TUGAS BESAR]\[USE NET FRAMEWORK]\MiniPhotoshop\MiniPhotoshop\MyForm.h(1068,31): warning C4244: 'initializing': conversion from 'double' to 'unsigned int', possible loss of data
D:\Dokumen Ridwan\3_Matkul Tingkat Akhir\1_IF4073 - Pengolahan Citra\[TUGAS BESAR]\[USE NET FRAMEWORK]\MiniPhotoshop\MiniPhotoshop\MyForm.h(1070,26): warning C4244: 'initializing': conversion from 'double' to 'unsigned int', possible loss of data
D:\Dokumen Ridwan\3_Matkul Tingkat Akhir\1_IF4073 - Pengolahan Citra\[TUGAS BESAR]\[USE NET FRAMEWORK]\MiniPhotoshop\MiniPhotoshop\MyForm.h(1071,28): warning C4244: 'initializing': conversion from 'double' to 'unsigned int', possible loss of data
D:\Dokumen Ridwan\3_Matkul Tingkat Akhir\1_IF4073 - Pengolahan Citra\[TUGAS BESAR]\[USE NET FRAMEWORK]\MiniPhotoshop\MiniPhotoshop\MyForm.h(1072,27): warning C4244: 'initializing': conversion from 'double' to 'unsigned int', possible loss of data
D:\Dokumen Ridwan\3_Matkul Tingkat Akhir\1_IF4073 - Pengolahan Citra\[TUGAS BESAR]\[USE NET FRAMEWORK]\MiniPhotoshop\MiniPhotoshop\MyForm.h(1084,36): warning C4244: 'initializing': conversion from 'double' to 'unsigned int', possible loss of data
D:\Dokumen Ridwan\3_Matkul Tingkat Akhir\1_IF4073 - Pengolahan Citra\[TUGAS BESAR]\[USE NET FRAMEWORK]\MiniPhotoshop\MiniPhotoshop\MyForm.h(1085,38): warning C4244: 'initializing': conversion from 'double' to 'unsigned int', possible loss of data
D:\Dokumen Ridwan\3_Matkul Tingkat Akhir\1_IF4073 - Pengolahan Citra\[TUGAS BESAR]\[USE NET FRAMEWORK]\MiniPhotoshop\MiniPhotoshop\MyForm.h(1086,37): warning C4244: 'initializing': conversion from 'double' to 'unsigned int', possible loss of data
D:\Dokumen Ridwan\3_Matkul Tingkat Akhir\1_IF4073 - Pengolahan Citra\[TUGAS BESAR]\[USE NET FRAMEWORK]\MiniPhotoshop\MiniPhotoshop\MyForm.h(1088,32): warning C4244: 'initializing': conversion from 'double' to 'unsigned int', possible loss of data
D:\Dokumen Ridwan\3_Matkul Tingkat Akhir\1_IF4073 - Pengolahan Citra\[TUGAS BESAR]\[USE NET FRAMEWORK]\MiniPhotoshop\MiniPhotoshop\MyForm.h(1089,34): warning C4244: 'initializing': conversion from 'double' to 'unsigned int', possible loss of data
D:\Dokumen Ridwan\3_Matkul Tingkat Akhir\1_IF4073 - Pengolahan Citra\[TUGAS BESAR]\[USE NET FRAMEWORK]\MiniPhotoshop\MiniPhotoshop\MyForm.h(1090,33): warning C4244: 'initializing': conversion from 'double' to 'unsigned int', possible loss of data
D:\Dokumen Ridwan\3_Matkul Tingkat Akhir\1_IF4073 - Pengolahan Citra\[TUGAS BESAR]\[USE NET FRAMEWORK]\MiniPhotoshop\MiniPhotoshop\MyForm.h(1102,44): warning C4244: 'argument': conversion from 'double' to 'int', possible loss of data
D:\Dokumen Ridwan\3_Matkul Tingkat Akhir\1_IF4073 - Pengolahan Citra\[TUGAS BESAR]\[USE NET FRAMEWORK]\MiniPhotoshop\MiniPhotoshop\MyForm.h(1102,33): warning C4244: 'argument': conversion from 'double' to 'int', possible loss of data
D:\Dokumen Ridwan\3_Matkul Tingkat Akhir\1_IF4073 - Pengolahan Citra\[TUGAS BESAR]\[USE NET FRAMEWORK]\MiniPhotoshop\MiniPhotoshop\MyForm.h(1149,30): warning C4244: 'initializing': conversion from 'double' to 'unsigned int', possible loss of data
D:\Dokumen Ridwan\3_Matkul Tingkat Akhir\1_IF4073 - Pengolahan Citra\[TUGAS BESAR]\[USE NET FRAMEWORK]\MiniPhotoshop\MiniPhotoshop\MyForm.h(1150,32): warning C4244: 'initializing': conversion from 'double' to 'unsigned int', possible loss of data
D:\Dokumen Ridwan\3_Matkul Tingkat Akhir\1_IF4073 - Pengolahan Citra\[TUGAS BESAR]\[USE NET FRAMEWORK]\MiniPhotoshop\MiniPhotoshop\MyForm.h(1151,31): warning C4244: 'initializing': conversion from 'double' to 'unsigned int', possible loss of data
D:\Dokumen Ridwan\3_Matkul Tingkat Akhir\1_IF4073 - Pengolahan Citra\[TUGAS BESAR]\[USE NET FRAMEWORK]\MiniPhotoshop\MiniPhotoshop\MyForm.h(1153,26): warning C4244: 'initializing': conversion from 'double' to 'unsigned int', possible loss of data
D:\Dokumen Ridwan\3_Matkul Tingkat Akhir\1_IF4073 - Pengolahan Citra\[TUGAS BESAR]\[USE NET FRAMEWORK]\MiniPhotoshop\MiniPhotoshop\MyForm.h(1154,28): warning C4244: 'initializing': conversion from 'double' to 'unsigned int', possible loss of data
D:\Dokumen Ridwan\3_Matkul Tingkat Akhir\1_IF4073 - Pengolahan Citra\[TUGAS BESAR]\[USE NET FRAMEWORK]\MiniPhotoshop\MiniPhotoshop\MyForm.h(1155,27): warning C4244: 'initializing': conversion from 'double' to 'unsigned int', possible loss of data
D:\Dokumen Ridwan\3_Matkul Tingkat Akhir\1_IF4073 - Pengolahan Citra\[TUGAS BESAR]\[USE NET FRAMEWORK]\MiniPhotoshop\MiniPhotoshop\MyForm.h(1167,36): warning C4244: 'initializing': conversion from 'double' to 'unsigned int', possible loss of data
D:\Dokumen Ridwan\3_Matkul Tingkat Akhir\1_IF4073 - Pengolahan Citra\[TUGAS BESAR]\[USE NET FRAMEWORK]\MiniPhotoshop\MiniPhotoshop\MyForm.h(1168,38): warning C4244: 'initializing': conversion from 'double' to 'unsigned int', possible loss of data
D:\Dokumen Ridwan\3_Matkul Tingkat Akhir\1_IF4073 - Pengolahan Citra\[TUGAS BESAR]\[USE NET FRAMEWORK]\MiniPhotoshop\MiniPhotoshop\MyForm.h(1169,37): warning C4244: 'initializing': conversion from 'double' to 'unsigned int', possible loss of data
D:\Dokumen Ridwan\3_Matkul Tingkat Akhir\1_IF4073 - Pengolahan Citra\[TUGAS BESAR]\[USE NET FRAMEWORK]\MiniPhotoshop\MiniPhotoshop\MyForm.h(1171,32): warning C4244: 'initializing': conversion from 'double' to 'unsigned int', possible loss of data
D:\Dokumen Ridwan\3_Matkul Tingkat Akhir\1_IF4073 - Pengolahan Citra\[TUGAS BESAR]\[USE NET FRAMEWORK]\MiniPhotoshop\MiniPhotoshop\MyForm.h(1172,34): warning C4244: 'initializing': conversion from 'double' to 'unsigned int', possible loss of data
D:\Dokumen Ridwan\3_Matkul Tingkat Akhir\1_IF4073 - Pengolahan Citra\[TUGAS BESAR]\[USE NET FRAMEWORK]\MiniPhotoshop\MiniPhotoshop\MyForm.h(1173,33): warning C4244: 'initializing': conversion from 'double' to 'unsigned int', possible loss of data
D:\Dokumen Ridwan\3_Matkul Tingkat Akhir\1_IF4073 - Pengolahan Citra\[TUGAS BESAR]\[USE NET FRAMEWORK]\MiniPhotoshop\MiniPhotoshop\MyForm.h(1185,44): warning C4244: 'argument': conversion from 'double' to 'int', possible loss of data
D:\Dokumen Ridwan\3_Matkul Tingkat Akhir\1_IF4073 - Pengolahan Citra\[TUGAS BESAR]\[USE NET FRAMEWORK]\MiniPhotoshop\MiniPhotoshop\MyForm.h(1185,33): warning C4244: 'argument': conversion from 'double' to 'int', possible loss of data
D:\Dokumen Ridwan\3_Matkul Tingkat Akhir\1_IF4073 - Pengolahan Citra\[TUGAS BESAR]\[USE NET FRAMEWORK]\MiniPhotoshop\MiniPhotoshop\MyForm.h(1212,30): warning C4244: 'initializing': conversion from 'double' to 'unsigned int', possible loss of data
D:\Dokumen Ridwan\3_Matkul Tingkat Akhir\1_IF4073 - Pengolahan Citra\[TUGAS BESAR]\[USE NET FRAMEWORK]\MiniPhotoshop\MiniPhotoshop\MyForm.h(1213,32): warning C4244: 'initializing': conversion from 'double' to 'unsigned int', possible loss of data
D:\Dokumen Ridwan\3_Matkul Tingkat Akhir\1_IF4073 - Pengolahan Citra\[TUGAS BESAR]\[USE NET FRAMEWORK]\MiniPhotoshop\MiniPhotoshop\MyForm.h(1214,31): warning C4244: 'initializing': conversion from 'double' to 'unsigned int', possible loss of data
D:\Dokumen Ridwan\3_Matkul Tingkat Akhir\1_IF4073 - Pengolahan Citra\[TUGAS BESAR]\[USE NET FRAMEWORK]\MiniPhotoshop\MiniPhotoshop\MyForm.h(1216,26): warning C4244: 'initializing': conversion from 'double' to 'unsigned int', possible loss of data
D:\Dokumen Ridwan\3_Matkul Tingkat Akhir\1_IF4073 - Pengolahan Citra\[TUGAS BESAR]\[USE NET FRAMEWORK]\MiniPhotoshop\MiniPhotoshop\MyForm.h(1217,28): warning C4244: 'initializing': conversion from 'double' to 'unsigned int', possible loss of data
D:\Dokumen Ridwan\3_Matkul Tingkat Akhir\1_IF4073 - Pengolahan Citra\[TUGAS BESAR]\[USE NET FRAMEWORK]\MiniPhotoshop\MiniPhotoshop\MyForm.h(1218,27): warning C4244: 'initializing': conversion from 'double' to 'unsigned int', possible loss of data
D:\Dokumen Ridwan\3_Matkul Tingkat Akhir\1_IF4073 - Pengolahan Citra\[TUGAS BESAR]\[USE NET FRAMEWORK]\MiniPhotoshop\MiniPhotoshop\MyForm.h(1231,44): warning C4244: 'argument': conversion from 'double' to 'int', possible loss of data
D:\Dokumen Ridwan\3_Matkul Tingkat Akhir\1_IF4073 - Pengolahan Citra\[TUGAS BESAR]\[USE NET FRAMEWORK]\MiniPhotoshop\MiniPhotoshop\MyForm.h(1231,33): warning C4244: 'argument': conversion from 'double' to 'int', possible loss of data
D:\Dokumen Ridwan\3_Matkul Tingkat Akhir\1_IF4073 - Pengolahan Citra\[TUGAS BESAR]\[USE NET FRAMEWORK]\MiniPhotoshop\MiniPhotoshop\MyForm.h(1258,30): warning C4244: 'initializing': conversion from 'double' to 'unsigned int', possible loss of data
D:\Dokumen Ridwan\3_Matkul Tingkat Akhir\1_IF4073 - Pengolahan Citra\[TUGAS BESAR]\[USE NET FRAMEWORK]\MiniPhotoshop\MiniPhotoshop\MyForm.h(1259,32): warning C4244: 'initializing': conversion from 'double' to 'unsigned int', possible loss of data
D:\Dokumen Ridwan\3_Matkul Tingkat Akhir\1_IF4073 - Pengolahan Citra\[TUGAS BESAR]\[USE NET FRAMEWORK]\MiniPhotoshop\MiniPhotoshop\MyForm.h(1260,31): warning C4244: 'initializing': conversion from 'double' to 'unsigned int', possible loss of data
D:\Dokumen Ridwan\3_Matkul Tingkat Akhir\1_IF4073 - Pengolahan Citra\[TUGAS BESAR]\[USE NET FRAMEWORK]\MiniPhotoshop\MiniPhotoshop\MyForm.h(1262,26): warning C4244: 'initializing': conversion from 'double' to 'unsigned int', possible loss of data
D:\Dokumen Ridwan\3_Matkul Tingkat Akhir\1_IF4073 - Pengolahan Citra\[TUGAS BESAR]\[USE NET FRAMEWORK]\MiniPhotoshop\MiniPhotoshop\MyForm.h(1263,28): warning C4244: 'initializing': conversion from 'double' to 'unsigned int', possible loss of data
D:\Dokumen Ridwan\3_Matkul Tingkat Akhir\1_IF4073 - Pengolahan Citra\[TUGAS BESAR]\[USE NET FRAMEWORK]\MiniPhotoshop\MiniPhotoshop\MyForm.h(1264,27): warning C4244: 'initializing': conversion from 'double' to 'unsigned int', possible loss of data
D:\Dokumen Ridwan\3_Matkul Tingkat Akhir\1_IF4073 - Pengolahan Citra\[TUGAS BESAR]\[USE NET FRAMEWORK]\MiniPhotoshop\MiniPhotoshop\MyForm.h(1276,36): warning C4244: 'initializing': conversion from 'double' to 'unsigned int', possible loss of data
D:\Dokumen Ridwan\3_Matkul Tingkat Akhir\1_IF4073 - Pengolahan Citra\[TUGAS BESAR]\[USE NET FRAMEWORK]\MiniPhotoshop\MiniPhotoshop\MyForm.h(1277,38): warning C4244: 'initializing': conversion from 'double' to 'unsigned int', possible loss of data
D:\Dokumen Ridwan\3_Matkul Tingkat Akhir\1_IF4073 - Pengolahan Citra\[TUGAS BESAR]\[USE NET FRAMEWORK]\MiniPhotoshop\MiniPhotoshop\MyForm.h(1278,37): warning C4244: 'initializing': conversion from 'double' to 'unsigned int', possible loss of data
D:\Dokumen Ridwan\3_Matkul Tingkat Akhir\1_IF4073 - Pengolahan Citra\[TUGAS BESAR]\[USE NET FRAMEWORK]\MiniPhotoshop\MiniPhotoshop\MyForm.h(1280,32): warning C4244: 'initializing': conversion from 'double' to 'unsigned int', possible loss of data
D:\Dokumen Ridwan\3_Matkul Tingkat Akhir\1_IF4073 - Pengolahan Citra\[TUGAS BESAR]\[USE NET FRAMEWORK]\MiniPhotoshop\MiniPhotoshop\MyForm.h(1281,34): warning C4244: 'initializing': conversion from 'double' to 'unsigned int', possible loss of data
D:\Dokumen Ridwan\3_Matkul Tingkat Akhir\1_IF4073 - Pengolahan Citra\[TUGAS BESAR]\[USE NET FRAMEWORK]\MiniPhotoshop\MiniPhotoshop\MyForm.h(1282,33): warning C4244: 'initializing': conversion from 'double' to 'unsigned int', possible loss of data
D:\Dokumen Ridwan\3_Matkul Tingkat Akhir\1_IF4073 - Pengolahan Citra\[TUGAS BESAR]\[USE NET FRAMEWORK]\MiniPhotoshop\MiniPhotoshop\MyForm.h(1294,44): warning C4244: 'argument': conversion from 'double' to 'int', possible loss of data
D:\Dokumen Ridwan\3_Matkul Tingkat Akhir\1_IF4073 - Pengolahan Citra\[TUGAS BESAR]\[USE NET FRAMEWORK]\MiniPhotoshop\MiniPhotoshop\MyForm.h(1294,33): warning C4244: 'argument': conversion from 'double' to 'int', possible loss of data
D:\Dokumen Ridwan\3_Matkul Tingkat Akhir\1_IF4073 - Pengolahan Citra\[TUGAS BESAR]\[USE NET FRAMEWORK]\MiniPhotoshop\MiniPhotoshop\MyForm.h(1321,30): warning C4244: 'initializing': conversion from 'double' to 'unsigned int', possible loss of data
D:\Dokumen Ridwan\3_Matkul Tingkat Akhir\1_IF4073 - Pengolahan Citra\[TUGAS BESAR]\[USE NET FRAMEWORK]\MiniPhotoshop\MiniPhotoshop\MyForm.h(1322,32): warning C4244: 'initializing': conversion from 'double' to 'unsigned int', possible loss of data
D:\Dokumen Ridwan\3_Matkul Tingkat Akhir\1_IF4073 - Pengolahan Citra\[TUGAS BESAR]\[USE NET FRAMEWORK]\MiniPhotoshop\MiniPhotoshop\MyForm.h(1323,31): warning C4244: 'initializing': conversion from 'double' to 'unsigned int', possible loss of data
D:\Dokumen Ridwan\3_Matkul Tingkat Akhir\1_IF4073 - Pengolahan Citra\[TUGAS BESAR]\[USE NET FRAMEWORK]\MiniPhotoshop\MiniPhotoshop\MyForm.h(1325,26): warning C4244: 'initializing': conversion from 'double' to 'unsigned int', possible loss of data
D:\Dokumen Ridwan\3_Matkul Tingkat Akhir\1_IF4073 - Pengolahan Citra\[TUGAS BESAR]\[USE NET FRAMEWORK]\MiniPhotoshop\MiniPhotoshop\MyForm.h(1326,28): warning C4244: 'initializing': conversion from 'double' to 'unsigned int', possible loss of data
D:\Dokumen Ridwan\3_Matkul Tingkat Akhir\1_IF4073 - Pengolahan Citra\[TUGAS BESAR]\[USE NET FRAMEWORK]\MiniPhotoshop\MiniPhotoshop\MyForm.h(1327,27): warning C4244: 'initializing': conversion from 'double' to 'unsigned int', possible loss of data
D:\Dokumen Ridwan\3_Matkul Tingkat Akhir\1_IF4073 - Pengolahan Citra\[TUGAS BESAR]\[USE NET FRAMEWORK]\MiniPhotoshop\MiniPhotoshop\MyForm.h(1339,36): warning C4244: 'initializing': conversion from 'double' to 'unsigned int', possible loss of data
D:\Dokumen Ridwan\3_Matkul Tingkat Akhir\1_IF4073 - Pengolahan Citra\[TUGAS BESAR]\[USE NET FRAMEWORK]\MiniPhotoshop\MiniPhotoshop\MyForm.h(1340,38): warning C4244: 'initializing': conversion from 'double' to 'unsigned int', possible loss of data
D:\Dokumen Ridwan\3_Matkul Tingkat Akhir\1_IF4073 - Pengolahan Citra\[TUGAS BESAR]\[USE NET FRAMEWORK]\MiniPhotoshop\MiniPhotoshop\MyForm.h(1341,37): warning C4244: 'initializing': conversion from 'double' to 'unsigned int', possible loss of data
D:\Dokumen Ridwan\3_Matkul Tingkat Akhir\1_IF4073 - Pengolahan Citra\[TUGAS BESAR]\[USE NET FRAMEWORK]\MiniPhotoshop\MiniPhotoshop\MyForm.h(1343,32): warning C4244: 'initializing': conversion from 'double' to 'unsigned int', possible loss of data
D:\Dokumen Ridwan\3_Matkul Tingkat Akhir\1_IF4073 - Pengolahan Citra\[TUGAS BESAR]\[USE NET FRAMEWORK]\MiniPhotoshop\MiniPhotoshop\MyForm.h(1344,34): warning C4244: 'initializing': conversion from 'double' to 'unsigned int', possible loss of data
D:\Dokumen Ridwan\3_Matkul Tingkat Akhir\1_IF4073 - Pengolahan Citra\[TUGAS BESAR]\[USE NET FRAMEWORK]\MiniPhotoshop\MiniPhotoshop\MyForm.h(1345,33): warning C4244: 'initializing': conversion from 'double' to 'unsigned int', possible loss of data
D:\Dokumen Ridwan\3_Matkul Tingkat Akhir\1_IF4073 - Pengolahan Citra\[TUGAS BESAR]\[USE NET FRAMEWORK]\MiniPhotoshop\MiniPhotoshop\MyForm.h(1357,44): warning C4244: 'argument': conversion from 'double' to 'int', possible loss of data
D:\Dokumen Ridwan\3_Matkul Tingkat Akhir\1_IF4073 - Pengolahan Citra\[TUGAS BESAR]\[USE NET FRAMEWORK]\MiniPhotoshop\MiniPhotoshop\MyForm.h(1357,33): warning C4244: 'argument': conversion from 'double' to 'int', possible loss of data
D:\Dokumen Ridwan\3_Matkul Tingkat Akhir\1_IF4073 - Pengolahan Citra\[TUGAS BESAR]\[USE NET FRAMEWORK]\MiniPhotoshop\MiniPhotoshop\MyForm.h(1554,40): warning C4101: 'e': unreferenced local variable
D:\Dokumen Ridwan\3_Matkul Tingkat Akhir\1_IF4073 - Pengolahan Citra\[TUGAS BESAR]\[USE NET FRAMEWORK]\MiniPhotoshop\MiniPhotoshop\MyForm.h(1558,36): warning C4101: 'e': unreferenced local variable
D:\Dokumen Ridwan\3_Matkul Tingkat Akhir\1_IF4073 - Pengolahan Citra\[TUGAS BESAR]\[USE NET FRAMEWORK]\MiniPhotoshop\MiniPhotoshop\MyForm.h(1578,40): warning C4101: 'e': unreferenced local variable
D:\Dokumen Ridwan\3_Matkul Tingkat Akhir\1_IF4073 - Pengolahan Citra\[TUGAS BESAR]\[USE NET FRAMEWORK]\MiniPhotoshop\MiniPhotoshop\MyForm.h(1582,36): warning C4101: 'e': unreferenced local variable
D:\Dokumen Ridwan\3_Matkul Tingkat Akhir\1_IF4073 - Pengolahan Citra\[TUGAS BESAR]\[USE NET FRAMEWORK]\MiniPhotoshop\MiniPhotoshop\MyForm.h(1843,40): warning C4101: 'e': unreferenced local variable
D:\Dokumen Ridwan\3_Matkul Tingkat Akhir\1_IF4073 - Pengolahan Citra\[TUGAS BESAR]\[USE NET FRAMEWORK]\MiniPhotoshop\MiniPhotoshop\MyForm.h(1847,36): warning C4101: 'e': unreferenced local variable
D:\Dokumen Ridwan\3_Matkul Tingkat Akhir\1_IF4073 - Pengolahan Citra\[TUGAS BESAR]\[USE NET FRAMEWORK]\MiniPhotoshop\MiniPhotoshop\MyForm.cpp(8,33): warning C4829: Possibly incorrect parameters to function main. Consider 'int main(Platform::Array<Platform::String^>^ argv)'
  MyForm.obj : MSIL module encountered; incremental linking is disabled for MSIL; performing full link
  MiniPhotoshop.vcxproj -> D:\Dokumen Ridwan\3_Matkul Tingkat Akhir\1_IF4073 - Pengolahan Citra\[TUGAS BESAR]\[USE NET FRAMEWORK]\MiniPhotoshop\Debug\MiniPhotoshop.exe
